app/manifest-merger-release-report.txt
-- Merging decision tree log ---
manifest
ADDED from AndroidManifest.xml:2:1
	package
		ADDED from AndroidManifest.xml:3:5
		INJECTED from AndroidManifest.xml:0:0
		INJECTED from AndroidManifest.xml:0:0
	android:versionName
		INJECTED from AndroidManifest.xml:0:0
		INJECTED from AndroidManifest.xml:0:0
	xmlns:android
		ADDED from AndroidManifest.xml:2:11
	android:versionCode
		INJECTED from AndroidManifest.xml:0:0
		INJECTED from AndroidManifest.xml:0:0
uses-permission#android.permission.ACCESS_COARSE_LOCATION
ADDED from AndroidManifest.xml:5:5
	android:name
		ADDED from AndroidManifest.xml:5:22
uses-permission#android.permission.ACCESS_FINE_LOCATION
ADDED from AndroidManifest.xml:6:5
	android:name
		ADDED from AndroidManifest.xml:6:22
uses-permission#android.permission.INTERNET
ADDED from AndroidManifest.xml:7:5
	android:name
		ADDED from AndroidManifest.xml:7:22
uses-permission#android.permission.ACCESS_NETWORK_STATE
ADDED from AndroidManifest.xml:8:5
	android:name
		ADDED from AndroidManifest.xml:8:22
uses-permission#android.permission.WRITE_EXTERNAL_STORAGE
ADDED from AndroidManifest.xml:9:5
	android:name
		ADDED from AndroidManifest.xml:9:22
uses-permission#com.google.android.providers.gsf.permission.READ_GSERVICES
ADDED from AndroidManifest.xml:10:5
	android:name
		ADDED from AndroidManifest.xml:10:22
uses-permission#android.permission.ACCESS_WIFI_STATE
ADDED from AndroidManifest.xml:11:5
	android:name
		ADDED from AndroidManifest.xml:11:22
uses-permission#android.permission.READ_PHONE_STATE
ADDED from AndroidManifest.xml:12:5
	android:name
		ADDED from AndroidManifest.xml:12:22
application
ADDED from AndroidManifest.xml:21:5
MERGED from com.android.support:appcompat-v7:21.0.3:16:5
MERGED from com.android.support:support-v4:21.0.3:16:5
MERGED from com.android.support:support-v4:21.0.3:16:5
MERGED from com.google.android.gms:play-services:6.5.87:20:5
MERGED from com.android.support:support-v4:21.0.3:16:5
	android:label
		ADDED from AndroidManifest.xml:26:9
	android:allowBackup
		ADDED from AndroidManifest.xml:24:9
	android:icon
		ADDED from AndroidManifest.xml:25:9
	android:theme
		ADDED from AndroidManifest.xml:27:9
	android:name
		ADDED from AndroidManifest.xml:23:9
meta-data#com.google.android.maps.v2.API_KEY
ADDED from AndroidManifest.xml:29:9
	android:value
		ADDED from AndroidManifest.xml:29:70
	android:name
		ADDED from AndroidManifest.xml:29:20
meta-data#com.google.android.gms.version
ADDED from AndroidManifest.xml:30:9
MERGED from com.google.android.gms:play-services:6.5.87:21:9
	android:value
		ADDED from AndroidManifest.xml:31:13
	android:name
		ADDED from AndroidManifest.xml:30:20
activity#com.autoskola.instruktori.MainActivity
ADDED from AndroidManifest.xml:33:9
	android:label
		ADDED from AndroidManifest.xml:35:13
	android:name
		ADDED from AndroidManifest.xml:34:13
intent-filter#android.intent.action.MAIN+android.intent.category.LAUNCHER
ADDED from AndroidManifest.xml:36:13
action#android.intent.action.MAIN
ADDED from AndroidManifest.xml:37:17
	android:name
		ADDED from AndroidManifest.xml:37:25
category#android.intent.category.LAUNCHER
ADDED from AndroidManifest.xml:39:17
	android:name
		ADDED from AndroidManifest.xml:39:27
activity#com.autoskola.instruktori.SplashActivity
ADDED from AndroidManifest.xml:42:9
	android:screenOrientation
		ADDED from AndroidManifest.xml:45:13
	android:label
		ADDED from AndroidManifest.xml:44:13
	android:theme
		ADDED from AndroidManifest.xml:46:13
	android:name
		ADDED from AndroidManifest.xml:43:13
activity#com.autoskola.instruktori.NaslovnicaActivity
ADDED from AndroidManifest.xml:48:9
	android:screenOrientation
		ADDED from AndroidManifest.xml:51:13
	android:label
		ADDED from AndroidManifest.xml:50:13
	android:name
		ADDED from AndroidManifest.xml:49:13
activity#com.autoskola.instruktori.GlavniMeni
ADDED from AndroidManifest.xml:53:9
	android:screenOrientation
		ADDED from AndroidManifest.xml:56:13
	android:label
		ADDED from AndroidManifest.xml:55:13
	android:name
		ADDED from AndroidManifest.xml:54:13
uses-sdk
INJECTED from AndroidManifest.xml:0:0 reason: use-sdk injection requested
MERGED from com.android.support:appcompat-v7:21.0.3:15:5
MERGED from com.android.support:support-v4:21.0.3:15:5
MERGED from com.android.support:support-v4:21.0.3:15:5
MERGED from com.google.android.gms:play-services:6.5.87:18:5
MERGED from com.android.support:support-v4:21.0.3:15:5
	android:targetSdkVersion
		INJECTED from AndroidManifest.xml:0:0
		INJECTED from AndroidManifest.xml:0:0
	android:minSdkVersion
		INJECTED from AndroidManifest.xml:0:0
		INJECTED from AndroidManifest.xml:0:0